<?xml version="1.0" encoding="utf-8"?><testsuites name="pytest tests"><testsuite name="pytest" errors="0" failures="0" skipped="0" tests="19" time="12.972" timestamp="2026-02-12T09:34:48.097694+00:00" hostname="agent-env-04a5407a-eaae-4d28-b230-ab7b4d30d9dd"><testcase classname="backend.tests.test_team_visibility.TestCaseTypesMyVisibilityEndpoint" name="test_manager_sees_all_types" time="1.473" /><testcase classname="backend.tests.test_team_visibility.TestCaseTypesMyVisibilityEndpoint" name="test_supervisor_sees_all_types" time="0.971" /><testcase classname="backend.tests.test_team_visibility.TestCaseTypesMyVisibilityEndpoint" name="test_env_crimes_officer_visibility" time="0.964" /><testcase classname="backend.tests.test_team_visibility.TestCaseTypesMyVisibilityEndpoint" name="test_enforcement_officer_visibility" time="0.965" /><testcase classname="backend.tests.test_team_visibility.TestCaseTypesMyVisibilityEndpoint" name="test_waste_officer_visibility" time="0.863" /><testcase classname="backend.tests.test_team_visibility.TestCasesListFiltering" name="test_manager_sees_all_cases" time="0.336" /><testcase classname="backend.tests.test_team_visibility.TestCasesListFiltering" name="test_env_crimes_officer_filtered_cases" time="0.334" /><testcase classname="backend.tests.test_team_visibility.TestCasesListFiltering" name="test_enforcement_officer_filtered_cases" time="0.327" /><testcase classname="backend.tests.test_team_visibility.TestCasesListFiltering" name="test_waste_officer_filtered_cases" time="0.320" /><testcase classname="backend.tests.test_team_visibility.TestStatsOverviewFiltering" name="test_manager_stats_all_cases" time="0.321" /><testcase classname="backend.tests.test_team_visibility.TestStatsOverviewFiltering" name="test_env_crimes_stats_filtered" time="0.321" /><testcase classname="backend.tests.test_team_visibility.TestStatsOverviewFiltering" name="test_waste_stats_filtered" time="0.321" /><testcase classname="backend.tests.test_team_visibility.TestIndividualCaseAccess" name="test_env_crimes_blocked_from_enforcement_case" time="0.638" /><testcase classname="backend.tests.test_team_visibility.TestIndividualCaseAccess" name="test_waste_blocked_from_abandoned_vehicle" time="0.639" /><testcase classname="backend.tests.test_team_visibility.TestIndividualCaseAccess" name="test_enforcement_blocked_from_abandoned_vehicle" time="0.742" /><testcase classname="backend.tests.test_team_visibility.TestIndividualCaseAccess" name="test_env_crimes_can_access_fly_tipping" time="0.640" /><testcase classname="backend.tests.test_team_visibility.TestIndividualCaseAccess" name="test_manager_can_access_any_case" time="2.023" /><testcase classname="backend.tests.test_team_visibility.TestSupervisorAccess" name="test_supervisor_can_access_all_cases" time="0.328" /><testcase classname="backend.tests.test_team_visibility.TestSupervisorAccess" name="test_supervisor_stats_unfiltered" time="0.321" /></testsuite></testsuites>