<?xml version="1.0" encoding="utf-8"?><testsuites name="pytest tests"><testsuite name="pytest" errors="0" failures="1" skipped="0" tests="16" time="13.720" timestamp="2026-02-11T16:50:58.868566+00:00" hostname="agent-env-51aafab3-8d27-4c36-bdf7-b8e698558ff8"><testcase classname="backend.tests.test_persons_feature.TestPersonsAPI" name="test_list_persons_endpoint" time="1.191" /><testcase classname="backend.tests.test_persons_feature.TestPersonsAPI" name="test_create_person_as_reporter" time="0.429" /><testcase classname="backend.tests.test_persons_feature.TestPersonsAPI" name="test_get_person_by_id" time="0.325" /><testcase classname="backend.tests.test_persons_feature.TestPersonsAPI" name="test_officer_sees_limited_person_info" time="1.027" /><testcase classname="backend.tests.test_persons_feature.TestPersonsAPI" name="test_update_person" time="0.427" /><testcase classname="backend.tests.test_persons_feature.TestPersonsAPI" name="test_search_persons" time="0.428" /><testcase classname="backend.tests.test_persons_feature.TestPersonsAPI" name="test_filter_persons_by_type" time="0.241"><failure message="AssertionError: Expected 200, got 520&#10;assert 520 == 200&#10; +  where 520 = &lt;Response [520]&gt;.status_code">backend/tests/test_persons_feature.py:166: in test_filter_persons_by_type
    assert response.status_code == 200, f"Expected 200, got {response.status_code}"
E   AssertionError: Expected 200, got 520
E   assert 520 == 200
E    +  where 520 = &lt;Response [520]&gt;.status_code</failure></testcase><testcase classname="backend.tests.test_persons_feature.TestCasePersonLinking" name="test_get_case_persons" time="1.352" /><testcase classname="backend.tests.test_persons_feature.TestCasePersonLinking" name="test_create_person_for_linking" time="0.322" /><testcase classname="backend.tests.test_persons_feature.TestCasePersonLinking" name="test_link_person_to_case_as_offender" time="0.957" /><testcase classname="backend.tests.test_persons_feature.TestCasePersonLinking" name="test_person_linked_cases_count_updated" time="0.320" /><testcase classname="backend.tests.test_persons_feature.TestCasePersonLinking" name="test_get_person_cases" time="0.322" /><testcase classname="backend.tests.test_persons_feature.TestCasePersonLinking" name="test_unlink_person_from_case" time="0.748" /><testcase classname="backend.tests.test_persons_feature.TestPersonDeletion" name="test_officer_cannot_delete_person" time="2.197" /><testcase classname="backend.tests.test_persons_feature.TestPersonDeletion" name="test_delete_person_success" time="1.371" /><testcase classname="backend.tests.test_persons_feature.TestCleanup" name="test_cleanup_test_persons" time="1.895" /></testsuite></testsuites>